#
# There is insufficient memory for the Java Runtime Environment to continue.
# Native memory allocation (mmap) failed to map 134217728 bytes for G1 virtual space
# Possible reasons:
#   The system is out of physical RAM or swap space
#   The process is running with CompressedOops enabled, and the Java Heap may be blocking the growth of the native heap
# Possible solutions:
#   Reduce memory load on the system
#   Increase physical memory or swap space
#   Check if swap backing store is full
#   Decrease Java heap size (-Xmx/-Xms)
#   Decrease number of Java threads
#   Decrease Java thread stack sizes (-Xss)
#   Set larger code cache with -XX:ReservedCodeCacheSize=
#   JVM is running with Unscaled Compressed Oops mode in which the Java heap is
#     placed in the first 4GB address space. The Java Heap base address is the
#     maximum limit for the native heap growth. Please use -XX:HeapBaseMinAddress
#     to set the Java Heap base and to place the Java Heap above 4GB virtual address.
# This output file may be truncated or incomplete.
#
#  Out of Memory Error (os_windows.cpp:3535), pid=12344, tid=21232
#
# JRE version:  (17.0.3.1+2) (build )
# Java VM: Java HotSpot(TM) 64-Bit Server VM (17.0.3.1+2-LTS-6, mixed mode, sharing, tiered, compressed oops, compressed class ptrs, g1 gc, windows-amd64)
# No core dump will be written. Minidumps are not enabled by default on client versions of Windows
#

---------------  S U M M A R Y ------------

Command Line: target/quxiangshe-backend-1.0.0.jar

Host: Intel(R) Core(TM) i5-9300HF CPU @ 2.40GHz, 8 cores, 7G,  Windows 10 , 64 bit Build 19041 (10.0.19041.5915)
Time: Fri May  1 20:21:36 2026  Windows 10 , 64 bit Build 19041 (10.0.19041.5915) elapsed time: 2.925371 seconds (0d 0h 0m 2s)

---------------  T H R E A D  ---------------

Current thread (0x000001bf9bf1a6b0):  JavaThread "Unknown thread" [_thread_in_vm, id=21232, stack(0x0000001eff900000,0x0000001effa00000)]

Stack: [0x0000001eff900000,0x0000001effa00000]
Native frames: (J=compiled Java code, j=interpreted, Vv=VM code, C=native code)
V  [jvm.dll+0x6711ba]
V  [jvm.dll+0x7d0834]
V  [jvm.dll+0x7d1fde]
V  [jvm.dll+0x7d2643]
V  [jvm.dll+0x242c85]
V  [jvm.dll+0x66e0d9]
V  [jvm.dll+0x662a22]
V  [jvm.dll+0x300ddb]
V  [jvm.dll+0x308376]
V  [jvm.dll+0x357f7e]
V  [jvm.dll+0x3581af]
V  [jvm.dll+0x2d7ff8]
V  [jvm.dll+0x2d8f64]
V  [jvm.dll+0x7a2411]
V  [jvm.dll+0x365d01]
V  [jvm.dll+0x78187c]
V  [jvm.dll+0x3e873f]
V  [jvm.dll+0x3ea1e1]
C  [jli.dll+0x527b]
C  [ucrtbase.dll+0x21bb2]
C  [KERNEL32.DLL+0x17374]
C  [ntdll.dll+0x4cc91]


---------------  P R O C E S S  ---------------

Threads class SMR info:
_java_thread_list=0x00007ffbf5199858, length=0, elements={
}

Java Threads: ( => current thread )

Other Threads:
  0x000001bf9bf743e0 GCTaskThread "GC Thread#0" [stack: 0x0000001effa00000,0x0000001effb00000] [id=7164]
  0x000001bf9bf84ef0 ConcurrentGCThread "G1 Main Marker" [stack: 0x0000001effb00000,0x0000001effc00000] [id=18708]
  0x000001bf9bf85710 ConcurrentGCThread "G1 Conc#0" [stack: 0x0000001effc00000,0x0000001effd00000] [id=11496]

[error occurred during error reporting (printing all threads), id 0xc0000005, EXCEPTION_ACCESS_VIOLATION (0xc0000005) at pc=0x00007ffbf49e89e7]

VM state: not at safepoint (not fully initialized)

VM Mutex/Monitor currently owned by a thread:  ([mutex/lock_event])
[0x000001bf9bf14960] Heap_lock - owner thread: 0x000001bf9bf1a6b0

Heap address: 0x0000000081200000, size: 2030 MB, Compressed Oops mode: 32-bit

CDS archive(s) mapped at: [0x0000000000000000-0x0000000000000000-0x0000000000000000), size 0, SharedBaseAddress: 0x0000000800000000, ArchiveRelocationMode: 0.
Narrow klass base: 0x0000000000000000, Narrow klass shift: 0, Narrow klass range: 0x0

GC Precious Log:
<Empty>

Heap:
 garbage-first heap   total 0K, used 0K [0x0000000081200000, 0x0000000100000000)
  region size 1024K, 0 young (0K), 0 survivors (0K)

[error occurred during error reporting (printing heap information), id 0xc0000005, EXCEPTION_ACCESS_VIOLATION (0xc0000005) at pc=0x00007ffbf4dca629]

GC Heap History (0 events):
No events

Deoptimization events (0 events):
No events

Classes unloaded (0 events):
No events

Classes redefined (0 events):
No events

Internal exceptions (0 events):
No events

VM Operations (0 events):
No events

Events (1 events):
Event: 0.119 Loaded shared library D:\java\bin\java.dll


Dynamic libraries:
0x00007ff6c4840000 - 0x00007ff6c4850000 	D:\java\bin\java.exe
0x00007ffc6c530000 - 0x00007ffc6c728000 	C:\WINDOWS\SYSTEM32\ntdll.dll
0x00007ffc6b590000 - 0x00007ffc6b652000 	C:\WINDOWS\System32\KERNEL32.DLL
0x00007ffc69fb0000 - 0x00007ffc6a2a6000 	C:\WINDOWS\System32\KERNELBASE.dll
0x00007ffc6a3d0000 - 0x00007ffc6a4d0000 	C:\WINDOWS\System32\ucrtbase.dll
0x00007ffc589c0000 - 0x00007ffc589d8000 	D:\java\bin\jli.dll
0x00007ffc589a0000 - 0x00007ffc589ba000 	D:\java\bin\VCRUNTIME140.dll
0x00007ffc6aa20000 - 0x00007ffc6aad1000 	C:\WINDOWS\System32\ADVAPI32.dll
0x00007ffc6b490000 - 0x00007ffc6b52e000 	C:\WINDOWS\System32\msvcrt.dll
0x00007ffc6b660000 - 0x00007ffc6b6ff000 	C:\WINDOWS\System32\sechost.dll
0x00007ffc6aae0000 - 0x00007ffc6ac00000 	C:\WINDOWS\System32\RPCRT4.dll
0x00007ffc69c10000 - 0x00007ffc69c37000 	C:\WINDOWS\System32\bcrypt.dll
0x00007ffc6a640000 - 0x00007ffc6a7e1000 	C:\WINDOWS\System32\USER32.dll
0x00007ffc69cd0000 - 0x00007ffc69cf2000 	C:\WINDOWS\System32\win32u.dll
0x00007ffc6c4c0000 - 0x00007ffc6c4eb000 	C:\WINDOWS\System32\GDI32.dll
0x00007ffc4bec0000 - 0x00007ffc4c15b000 	C:\WINDOWS\WinSxS\amd64_microsoft.windows.common-controls_6595b64144ccf1df_6.0.19041.6456_none_60b8a6cb71f64256\COMCTL32.dll
0x00007ffc6a2b0000 - 0x00007ffc6a3c9000 	C:\WINDOWS\System32\gdi32full.dll
0x00007ffc69d00000 - 0x00007ffc69d9d000 	C:\WINDOWS\System32\msvcp_win.dll
0x00007ffc60450000 - 0x00007ffc6045a000 	C:\WINDOWS\SYSTEM32\VERSION.dll
0x00007ffc6bf90000 - 0x00007ffc6bfbf000 	C:\WINDOWS\System32\IMM32.DLL
0x00007ffc641f0000 - 0x00007ffc641fc000 	D:\java\bin\vcruntime140_1.dll
0x00007ffc3fcc0000 - 0x00007ffc3fd4d000 	D:\java\bin\msvcp140.dll
0x00007ffbf4700000 - 0x00007ffbf52c0000 	D:\java\bin\server\jvm.dll
0x00007ffc6c150000 - 0x00007ffc6c158000 	C:\WINDOWS\System32\PSAPI.DLL
0x00007ffc5f780000 - 0x00007ffc5f789000 	C:\WINDOWS\SYSTEM32\WSOCK32.dll
0x00007ffc6bf20000 - 0x00007ffc6bf8b000 	C:\WINDOWS\System32\WS2_32.dll
0x00007ffc5ea70000 - 0x00007ffc5ea97000 	C:\WINDOWS\SYSTEM32\WINMM.dll
0x00007ffc68390000 - 0x00007ffc683a2000 	C:\WINDOWS\SYSTEM32\kernel.appcore.dll
0x00007ffc63660000 - 0x00007ffc6366a000 	D:\java\bin\jimage.dll
0x00007ffc678d0000 - 0x00007ffc67ad1000 	C:\WINDOWS\SYSTEM32\DBGHELP.DLL
0x00007ffc5b550000 - 0x00007ffc5b584000 	C:\WINDOWS\SYSTEM32\dbgcore.DLL
0x00007ffc69c40000 - 0x00007ffc69cc2000 	C:\WINDOWS\System32\bcryptPrimitives.dll
0x00007ffc49f50000 - 0x00007ffc49f75000 	D:\java\bin\java.dll

dbghelp: loaded successfully - version: 4.0.5 - missing functions: none
symbol engine: initialized successfully - sym options: 0x614 - pdb path: .;D:\java\bin;C:\WINDOWS\SYSTEM32;C:\WINDOWS\WinSxS\amd64_microsoft.windows.common-controls_6595b64144ccf1df_6.0.19041.6456_none_60b8a6cb71f64256;D:\java\bin\server

VM Arguments:
java_command: target/quxiangshe-backend-1.0.0.jar
java_class_path (initial): target/quxiangshe-backend-1.0.0.jar
Launcher Type: SUN_STANDARD

[Global flags]
     intx CICompilerCount                          = 4                                         {product} {ergonomic}
     uint ConcGCThreads                            = 2                                         {product} {ergonomic}
     uint G1ConcRefinementThreads                  = 8                                         {product} {ergonomic}
   size_t G1HeapRegionSize                         = 1048576                                   {product} {ergonomic}
    uintx GCDrainStackTargetSize                   = 64                                        {product} {ergonomic}
   size_t InitialHeapSize                          = 134217728                                 {product} {ergonomic}
   size_t MarkStackSize                            = 4194304                                   {product} {ergonomic}
   size_t MaxHeapSize                              = 2128609280                                {product} {ergonomic}
   size_t MinHeapDeltaBytes                        = 1048576                                   {product} {ergonomic}
   size_t MinHeapSize                              = 8388608                                   {product} {ergonomic}
    uintx NonNMethodCodeHeapSize                   = 5839372                                {pd product} {ergonomic}
    uintx NonProfiledCodeHeapSize                  = 122909434                              {pd product} {ergonomic}
    uintx ProfiledCodeHeapSize                     = 122909434                              {pd product} {ergonomic}
    uintx ReservedCodeCacheSize                    = 251658240                              {pd product} {ergonomic}
     bool SegmentedCodeCache                       = true                                      {product} {ergonomic}
   size_t SoftMaxHeapSize                          = 2128609280                             {manageable} {ergonomic}
     bool UseCompressedClassPointers               = true                           {product lp64_product} {ergonomic}
     bool UseCompressedOops                        = true                           {product lp64_product} {ergonomic}
     bool UseG1GC                                  = true                                      {product} {ergonomic}
     bool UseLargePagesIndividualAllocation        = false                                  {pd product} {ergonomic}

Logging:
Log output configuration:
 #0: stdout all=warning uptime,level,tags
 #1: stderr all=off uptime,level,tags

Environment Variables:
JAVA_HOME=C:\Users\28655\.jdks\ms-17.0.14
PATH=C:\Program Files (x86)\VMware\VMware Workstation\bin\;D:\Python3.14\Scripts\;D:\Python3.14\;C:\Program Files\Common Files\Oracle\Java\javapath;C:\WINDOWS\system32;C:\WINDOWS;C:\WINDOWS\System32\Wbem;C:\WINDOWS\System32\WindowsPowerShell\v1.0\;C:\WINDOWS\System32\OpenSSH\;D:\MySQL 9.0\bin;C:\Pro;ram Files\Graphviz\bin;D:\a.ŃĐľżÉúŃ§Ď°\;%M2_;OME%\bin;C:\Program Files\NVIDIA Corporation\NVIDIA App\NvDLISR;C:\Program Files (x86)\NVIDIA Corporation\PhysX\Common;D:\Î˘ĐĹwebżŞ·˘Őßą¤ľß\dll;C:\Pro;ram Files\Tailscale\;D:\apache-maven-3.9.0-bin\apache-maven-3.9.0\bin;D:\ofice\Redis-x64-3.2.100;C:\Program Files\cursor\resources\app\bin;C:\Program Files\Git\cmd;C:\Program Files\Erlang OTP\bin;C:\Program Files\nodejs\;C:\ProgramData\chocolatey\bin;D:\GlobalNodeModules;D:\ffmpeg-2026-04-26-git-4867d251ad-essentials_build\ffmpeg-2026-04-26-git-4867d251ad-essentials_build\bin;;C:\Program Files\Docker\Docker\resources\bin;C:\Users\28655\AppData\Local\Microsoft\WindowsApps;D:\java\IntelliJ IDEA 2024.1\bin;D:\PyCharm 2024.1\bin;%M2_HOME%\bin;D:\Microsoft VS Code\bin;C:\Users\28655\.jdks\ms-17.0.14\bin;%MAVEN_HONE%\bin;D:\ofice\Redis-x64-3.2.100;C:\Users\28655\AppData\Roaming\npm
USERNAME=28655
OS=Windows_NT
PROCESSOR_IDENTIFIER=Intel64 Family 6 Model 158 Stepping 13, GenuineIntel



---------------  S Y S T E M  ---------------

OS:
 Windows 10 , 64 bit Build 19041 (10.0.19041.5915)
OS uptime: 2 days 8:48 hours
Hyper-V role detected

CPU: total 8 (initial active 8) (4 cores per cpu, 2 threads per core) family 6 model 158 stepping 13 microcode 0xc6, cx8, cmov, fxsr, ht, mmx, 3dnowpref, sse, sse2, sse3, ssse3, sse4.1, sse4.2, popcnt, lzcnt, tsc, tscinvbit, avx, avx2, aes, erms, clmul, bmi1, bmi2, adx, fma, vzeroupper, clflush, clflushopt, hv

Memory: 4k page, system-wide physical 8112M (1300M free)
TotalPageFile size 32688M (AvailPageFile size 103M)
current process WorkingSet (physical memory assigned to process): 10M, peak: 10M
current process commit charge ("private bytes"): 60M, peak: 188M

vm_info: Java HotSpot(TM) 64-Bit Server VM (17.0.3.1+2-LTS-6) for windows-amd64 JRE (17.0.3.1+2-LTS-6), built on Apr 25 2022 22:04:21 by "mach5one" with MS VC++ 16.8 / 16.9 (VS2019)

END.
